[0m[[0m[0mdebug[0m] [0m[0m> Exec(run, Some(b81f3f89-3860-4a90-8ee4-ae2f423420e6), Some(CommandSource(console0)))[0m
[0m[[0m[0mdebug[0m] [0m[0mEvaluating tasks: Compile / run[0m
[0m[[0m[0mdebug[0m] [0m[0mRunning task... Cancel: Signal, check cycles: false, forcegc: true[0m
[0m[[0m[0minfo[0m] [0m[0mcompiling 1 Scala source to C:\Users\king\Desktop\BigDataModule\Project1\target\scala-2.11\classes ...[0m
[0m[[0m[33mwarn[0m] [0m[0mthere were 5 deprecation warnings; re-run with -deprecation for details[0m
[0m[[0m[33mwarn[0m] [0m[0mone warning found[0m
[0m[[0m[31merror[0m] [0m[0morg.apache.spark.sql.catalyst.parser.ParseException: [0m
[0m[[0m[31merror[0m] [0m[0mmismatched input 'PARTITION' expecting <EOF>(line 1, pos 578)[0m
[0m[[0m[31merror[0m] [0m[0m[0m
[0m[[0m[31merror[0m] [0m[0m== SQL ==[0m
[0m[[0m[31merror[0m] [0m[0mCREATE TABLE IF NOT EXISTS Cyb3 (Year INT, Organisation STRING, Critical_Industry STRING, Organisation_size STRING, Sector STRING, Country STRING, Improper_network_segmentation STRING, Inappropriate_remote_access STRING,	Absence_of_encryption STRING, Restructuring_after_attack STRING, Ransom_paid STRING, Number_of_users_affected INT, Attack_type STRING, Attacker	STRING, Attack_vector STRING, Names_exposed STRING,	Address_leaked STRING,	PII_exposed	STRING, Credit_card_details_leaked STRING,	SSN_taxID_leaked STRING, Subsequent_fraudulent_use_of_data STRING, Summary STRING) PARTITION By (Summary STRING)[0m
[0m[[0m[31merror[0m] [0m[0m--------------------------------------------------------------------------------------------------------------------------------------------------------------------------------------------------------------------------------------------------------------------------------------------------------------------------------------------------------------------------------------------------------------------------------------------------------------------------------------------------------------------------------------------------------------------------------------------------^^^[0m
[0m[[0m[31merror[0m] [0m[0m[0m
[0m[[0m[31merror[0m] [0m[0m	at org.apache.spark.sql.catalyst.parser.ParseException.withCommand(ParseDriver.scala:239)[0m
[0m[[0m[31merror[0m] [0m[0m	at org.apache.spark.sql.catalyst.parser.AbstractSqlParser.parse(ParseDriver.scala:115)[0m
[0m[[0m[31merror[0m] [0m[0m	at org.apache.spark.sql.execution.SparkSqlParser.parse(SparkSqlParser.scala:48)[0m
[0m[[0m[31merror[0m] [0m[0m	at org.apache.spark.sql.catalyst.parser.AbstractSqlParser.parsePlan(ParseDriver.scala:69)[0m
[0m[[0m[31merror[0m] [0m[0m	at org.apache.spark.sql.SparkSession.sql(SparkSession.scala:642)[0m
[0m[[0m[31merror[0m] [0m[0m	at org.apache.spark.sql.SQLContext.sql(SQLContext.scala:694)[0m
[0m[[0m[31merror[0m] [0m[0m	at P1$.insertCyberAttacks(P1.scala:187)[0m
[0m[[0m[31merror[0m] [0m[0m	at P1$.main(P1.scala:84)[0m
[0m[[0m[31merror[0m] [0m[0m	at P1.main(P1.scala)[0m
[0m[[0m[31merror[0m] [0m[0m	at sun.reflect.NativeMethodAccessorImpl.invoke0(Native Method)[0m
[0m[[0m[31merror[0m] [0m[0m	at sun.reflect.NativeMethodAccessorImpl.invoke(Unknown Source)[0m
[0m[[0m[31merror[0m] [0m[0m	at sun.reflect.DelegatingMethodAccessorImpl.invoke(Unknown Source)[0m
[0m[[0m[31merror[0m] [0m[0m	at java.lang.reflect.Method.invoke(Unknown Source)[0m
[0m[[0m[31merror[0m] [0m[0m	at sbt.Run.invokeMain(Run.scala:143)[0m
[0m[[0m[31merror[0m] [0m[0m	at sbt.Run.execute$1(Run.scala:93)[0m
[0m[[0m[31merror[0m] [0m[0m	at sbt.Run.$anonfun$runWithLoader$5(Run.scala:120)[0m
[0m[[0m[31merror[0m] [0m[0m	at sbt.Run$.executeSuccess(Run.scala:186)[0m
[0m[[0m[31merror[0m] [0m[0m	at sbt.Run.runWithLoader(Run.scala:120)[0m
[0m[[0m[31merror[0m] [0m[0m	at sbt.Defaults$.$anonfun$bgRunTask$6(Defaults.scala:1983)[0m
[0m[[0m[31merror[0m] [0m[0m	at sbt.Defaults$.$anonfun$termWrapper$2(Defaults.scala:1922)[0m
[0m[[0m[31merror[0m] [0m[0m	at scala.runtime.java8.JFunction0$mcV$sp.apply(JFunction0$mcV$sp.java:23)[0m
[0m[[0m[31merror[0m] [0m[0m	at scala.util.Try$.apply(Try.scala:213)[0m
[0m[[0m[31merror[0m] [0m[0m	at sbt.internal.BackgroundThreadPool$BackgroundRunnable.run(DefaultBackgroundJobService.scala:369)[0m
[0m[[0m[31merror[0m] [0m[0m	at java.util.concurrent.ThreadPoolExecutor.runWorker(Unknown Source)[0m
[0m[[0m[31merror[0m] [0m[0m	at java.util.concurrent.ThreadPoolExecutor$Worker.run(Unknown Source)[0m
[0m[[0m[31merror[0m] [0m[0m	at java.lang.Thread.run(Unknown Source)[0m
[0m[[0m[31merror[0m] [0m[0m(Compile / [31mrun[0m) org.apache.spark.sql.catalyst.parser.ParseException: [0m
[0m[[0m[31merror[0m] [0m[0mmismatched input 'PARTITION' expecting <EOF>(line 1, pos 578)[0m
[0m[[0m[31merror[0m] [0m[0m[0m
[0m[[0m[31merror[0m] [0m[0m== SQL ==[0m
[0m[[0m[31merror[0m] [0m[0mCREATE TABLE IF NOT EXISTS Cyb3 (Year INT, Organisation STRING, Critical_Industry STRING, Organisation_size STRING, Sector STRING, Country STRING, Improper_network_segmentation STRING, Inappropriate_remote_access STRING,	Absence_of_encryption STRING, Restructuring_after_attack STRING, Ransom_paid STRING, Number_of_users_affected INT, Attack_type STRING, Attacker	STRING, Attack_vector STRING, Names_exposed STRING,	Address_leaked STRING,	PII_exposed	STRING, Credit_card_details_leaked STRING,	SSN_taxID_leaked STRING, Subsequent_fraudulent_use_of_data STRING, Summary STRING) PARTITION By (Summary STRING)[0m
[0m[[0m[31merror[0m] [0m[0m--------------------------------------------------------------------------------------------------------------------------------------------------------------------------------------------------------------------------------------------------------------------------------------------------------------------------------------------------------------------------------------------------------------------------------------------------------------------------------------------------------------------------------------------------------------------------------------------------^^^[0m
[0m[[0m[31merror[0m] [0m[0mTotal time: 38 s, completed Jan 31, 2022 9:27:05 AM[0m
[0m[[0m[0mdebug[0m] [0m[0m> Exec(shell, None, None)[0m
