[0m[[0m[0mdebug[0m] [0m[0m> Exec(run, Some(f5daa352-c4da-4ea1-8bd4-358bf7d9992b), Some(CommandSource(console0)))[0m
[0m[[0m[0mdebug[0m] [0m[0mEvaluating tasks: Compile / run[0m
[0m[[0m[0mdebug[0m] [0m[0mRunning task... Cancel: Signal, check cycles: false, forcegc: true[0m
[0m[[0m[0minfo[0m] [0m[0mcompiling 1 Scala source to C:\Users\king\Desktop\BigDataModule\Project1\target\scala-2.11\classes ...[0m
[0m[[0m[33mwarn[0m] [0m[0mthere were four deprecation warnings; re-run with -deprecation for details[0m
[0m[[0m[33mwarn[0m] [0m[0mone warning found[0m
[0m[[0m[31merror[0m] [0m[0morg.apache.spark.sql.AnalysisException: cannot resolve '`Organization`' given input columns: [cyb1.Credit_card_details_leaked, cyb1.Attack_type, cyb1.Sector, cyb1.Improper_network_segmentation, cyb1.Attack_vector, cyb1.Organisation, cyb1.Address_leaked, cyb1.Country, cyb1.Attacker, cyb1.Ransom_paid, cyb1.Number_of_users_affected, cyb1.Summary, cyb1.Critical_Industry, cyb1.PII_exposed, cyb1.Subsequent_fraudulent_use_of_data, cyb1.Restructuring_after_attack, cyb1.Organisation_size, cyb1.Absence_of_encryption, cyb1.Inappropriate_remote_access, cyb1.SSN_taxID_leaked, cyb1.Names_exposed, cyb1.Year]; line 1 pos 13;[0m
[0m[[0m[31merror[0m] [0m[0m'GlobalLimit 10[0m
[0m[[0m[31merror[0m] [0m[0m+- 'LocalLimit 10[0m
[0m[[0m[31merror[0m] [0m[0m   +- 'Project [Year#361, 'Organization, Country#366, Number_of_users_affected#372][0m
[0m[[0m[31merror[0m] [0m[0m      +- Filter (Absence_of_encryption#369 = YES)[0m
[0m[[0m[31merror[0m] [0m[0m         +- SubqueryAlias cyb1[0m
[0m[[0m[31merror[0m] [0m[0m            +- HiveTableRelation `default`.`cyb1`, org.apache.hadoop.hive.serde2.lazy.LazySimpleSerDe, [Year#361, Organisation#362, Critical_Industry#363, Organisation_size#364, Sector#365, Country#366, Improper_network_segmentation#367, Inappropriate_remote_access#368, Absence_of_encryption#369, Restructuring_after_attack#370, Ransom_paid#371, Number_of_users_affected#372, Attack_type#373, Attacker#374, Attack_vector#375, Names_exposed#376, Address_leaked#377, PII_exposed#378, Credit_card_details_leaked#379, SSN_taxID_leaked#380, Subsequent_fraudulent_use_of_data#381, Summary#382][0m
[0m[[0m[31merror[0m] [0m[0m[0m
[0m[[0m[31merror[0m] [0m[0m	at org.apache.spark.sql.catalyst.analysis.package$AnalysisErrorAt.failAnalysis(package.scala:42)[0m
[0m[[0m[31merror[0m] [0m[0m	at org.apache.spark.sql.catalyst.analysis.CheckAnalysis$$anonfun$checkAnalysis$1$$anonfun$apply$2.applyOrElse(CheckAnalysis.scala:92)[0m
[0m[[0m[31merror[0m] [0m[0m	at org.apache.spark.sql.catalyst.analysis.CheckAnalysis$$anonfun$checkAnalysis$1$$anonfun$apply$2.applyOrElse(CheckAnalysis.scala:89)[0m
[0m[[0m[31merror[0m] [0m[0m	at org.apache.spark.sql.catalyst.trees.TreeNode$$anonfun$transformUp$1.apply(TreeNode.scala:289)[0m
[0m[[0m[31merror[0m] [0m[0m	at org.apache.spark.sql.catalyst.trees.TreeNode$$anonfun$transformUp$1.apply(TreeNode.scala:289)[0m
[0m[[0m[31merror[0m] [0m[0m	at org.apache.spark.sql.catalyst.trees.CurrentOrigin$.withOrigin(TreeNode.scala:70)[0m
[0m[[0m[31merror[0m] [0m[0m	at org.apache.spark.sql.catalyst.trees.TreeNode.transformUp(TreeNode.scala:288)[0m
[0m[[0m[31merror[0m] [0m[0m	at org.apache.spark.sql.catalyst.plans.QueryPlan$$anonfun$transformExpressionsUp$1.apply(QueryPlan.scala:95)[0m
[0m[[0m[31merror[0m] [0m[0m	at org.apache.spark.sql.catalyst.plans.QueryPlan$$anonfun$transformExpressionsUp$1.apply(QueryPlan.scala:95)[0m
[0m[[0m[31merror[0m] [0m[0m	at org.apache.spark.sql.catalyst.plans.QueryPlan$$anonfun$1.apply(QueryPlan.scala:107)[0m
[0m[[0m[31merror[0m] [0m[0m	at org.apache.spark.sql.catalyst.plans.QueryPlan$$anonfun$1.apply(QueryPlan.scala:107)[0m
[0m[[0m[31merror[0m] [0m[0m	at org.apache.spark.sql.catalyst.trees.CurrentOrigin$.withOrigin(TreeNode.scala:70)[0m
[0m[[0m[31merror[0m] [0m[0m	at org.apache.spark.sql.catalyst.plans.QueryPlan.transformExpression$1(QueryPlan.scala:106)[0m
[0m[[0m[31merror[0m] [0m[0m	at org.apache.spark.sql.catalyst.plans.QueryPlan.org$apache$spark$sql$catalyst$plans$QueryPlan$$recursiveTransform$1(QueryPlan.scala:118)[0m
[0m[[0m[31merror[0m] [0m[0m	at org.apache.spark.sql.catalyst.plans.QueryPlan$$anonfun$org$apache$spark$sql$catalyst$plans$QueryPlan$$recursiveTransform$1$1.apply(QueryPlan.scala:122)[0m
[0m[[0m[31merror[0m] [0m[0m	at scala.collection.TraversableLike$$anonfun$map$1.apply(TraversableLike.scala:234)[0m
[0m[[0m[31merror[0m] [0m[0m	at scala.collection.TraversableLike$$anonfun$map$1.apply(TraversableLike.scala:234)[0m
[0m[[0m[31merror[0m] [0m[0m	at scala.collection.immutable.List.foreach(List.scala:392)[0m
[0m[[0m[31merror[0m] [0m[0m	at scala.collection.TraversableLike$class.map(TraversableLike.scala:234)[0m
[0m[[0m[31merror[0m] [0m[0m	at scala.collection.immutable.List.map(List.scala:296)[0m
[0m[[0m[31merror[0m] [0m[0m	at org.apache.spark.sql.catalyst.plans.QueryPlan.org$apache$spark$sql$catalyst$plans$QueryPlan$$recursiveTransform$1(QueryPlan.scala:122)[0m
[0m[[0m[31merror[0m] [0m[0m	at org.apache.spark.sql.catalyst.plans.QueryPlan$$anonfun$2.apply(QueryPlan.scala:127)[0m
[0m[[0m[31merror[0m] [0m[0m	at org.apache.spark.sql.catalyst.trees.TreeNode.mapProductIterator(TreeNode.scala:187)[0m
[0m[[0m[31merror[0m] [0m[0m	at org.apache.spark.sql.catalyst.plans.QueryPlan.mapExpressions(QueryPlan.scala:127)[0m
[0m[[0m[31merror[0m] [0m[0m	at org.apache.spark.sql.catalyst.plans.QueryPlan.transformExpressionsUp(QueryPlan.scala:95)[0m
[0m[[0m[31merror[0m] [0m[0m	at org.apache.spark.sql.catalyst.analysis.CheckAnalysis$$anonfun$checkAnalysis$1.apply(CheckAnalysis.scala:89)[0m
[0m[[0m[31merror[0m] [0m[0m	at org.apache.spark.sql.catalyst.analysis.CheckAnalysis$$anonfun$checkAnalysis$1.apply(CheckAnalysis.scala:84)[0m
[0m[[0m[31merror[0m] [0m[0m	at org.apache.spark.sql.catalyst.trees.TreeNode.foreachUp(TreeNode.scala:127)[0m
[0m[[0m[31merror[0m] [0m[0m	at org.apache.spark.sql.catalyst.trees.TreeNode$$anonfun$foreachUp$1.apply(TreeNode.scala:126)[0m
[0m[[0m[31merror[0m] [0m[0m	at org.apache.spark.sql.catalyst.trees.TreeNode$$anonfun$foreachUp$1.apply(TreeNode.scala:126)[0m
[0m[[0m[31merror[0m] [0m[0m	at scala.collection.immutable.List.foreach(List.scala:392)[0m
[0m[[0m[31merror[0m] [0m[0m	at org.apache.spark.sql.catalyst.trees.TreeNode.foreachUp(TreeNode.scala:126)[0m
[0m[[0m[31merror[0m] [0m[0m	at org.apache.spark.sql.catalyst.trees.TreeNode$$anonfun$foreachUp$1.apply(TreeNode.scala:126)[0m
[0m[[0m[31merror[0m] [0m[0m	at org.apache.spark.sql.catalyst.trees.TreeNode$$anonfun$foreachUp$1.apply(TreeNode.scala:126)[0m
[0m[[0m[31merror[0m] [0m[0m	at scala.collection.immutable.List.foreach(List.scala:392)[0m
[0m[[0m[31merror[0m] [0m[0m	at org.apache.spark.sql.catalyst.trees.TreeNode.foreachUp(TreeNode.scala:126)[0m
[0m[[0m[31merror[0m] [0m[0m	at org.apache.spark.sql.catalyst.analysis.CheckAnalysis$class.checkAnalysis(CheckAnalysis.scala:84)[0m
[0m[[0m[31merror[0m] [0m[0m	at org.apache.spark.sql.catalyst.analysis.Analyzer.checkAnalysis(Analyzer.scala:92)[0m
[0m[[0m[31merror[0m] [0m[0m	at org.apache.spark.sql.catalyst.analysis.Analyzer.executeAndCheck(Analyzer.scala:105)[0m
[0m[[0m[31merror[0m] [0m[0m	at org.apache.spark.sql.execution.QueryExecution.analyzed$lzycompute(QueryExecution.scala:57)[0m
[0m[[0m[31merror[0m] [0m[0m	at org.apache.spark.sql.execution.QueryExecution.analyzed(QueryExecution.scala:55)[0m
[0m[[0m[31merror[0m] [0m[0m	at org.apache.spark.sql.execution.QueryExecution.assertAnalyzed(QueryExecution.scala:47)[0m
[0m[[0m[31merror[0m] [0m[0m	at org.apache.spark.sql.Dataset$.ofRows(Dataset.scala:74)[0m
[0m[[0m[31merror[0m] [0m[0m	at org.apache.spark.sql.SparkSession.sql(SparkSession.scala:642)[0m
[0m[[0m[31merror[0m] [0m[0m	at org.apache.spark.sql.SQLContext.sql(SQLContext.scala:694)[0m
[0m[[0m[31merror[0m] [0m[0m	at P1$.top10BadCompanies(P1.scala:120)[0m
[0m[[0m[31merror[0m] [0m[0m	at P1$.main(P1.scala:54)[0m
[0m[[0m[31merror[0m] [0m[0m	at P1.main(P1.scala)[0m
[0m[[0m[31merror[0m] [0m[0m	at sun.reflect.NativeMethodAccessorImpl.invoke0(Native Method)[0m
[0m[[0m[31merror[0m] [0m[0m	at sun.reflect.NativeMethodAccessorImpl.invoke(Unknown Source)[0m
[0m[[0m[31merror[0m] [0m[0m	at sun.reflect.DelegatingMethodAccessorImpl.invoke(Unknown Source)[0m
[0m[[0m[31merror[0m] [0m[0m	at java.lang.reflect.Method.invoke(Unknown Source)[0m
[0m[[0m[31merror[0m] [0m[0m	at sbt.Run.invokeMain(Run.scala:143)[0m
[0m[[0m[31merror[0m] [0m[0m	at sbt.Run.execute$1(Run.scala:93)[0m
[0m[[0m[31merror[0m] [0m[0m	at sbt.Run.$anonfun$runWithLoader$5(Run.scala:120)[0m
[0m[[0m[31merror[0m] [0m[0m	at sbt.Run$.executeSuccess(Run.scala:186)[0m
[0m[[0m[31merror[0m] [0m[0m	at sbt.Run.runWithLoader(Run.scala:120)[0m
[0m[[0m[31merror[0m] [0m[0m	at sbt.Defaults$.$anonfun$bgRunTask$6(Defaults.scala:1983)[0m
[0m[[0m[31merror[0m] [0m[0m	at sbt.Defaults$.$anonfun$termWrapper$2(Defaults.scala:1922)[0m
[0m[[0m[31merror[0m] [0m[0m	at scala.runtime.java8.JFunction0$mcV$sp.apply(JFunction0$mcV$sp.java:23)[0m
[0m[[0m[31merror[0m] [0m[0m	at scala.util.Try$.apply(Try.scala:213)[0m
[0m[[0m[31merror[0m] [0m[0m	at sbt.internal.BackgroundThreadPool$BackgroundRunnable.run(DefaultBackgroundJobService.scala:369)[0m
[0m[[0m[31merror[0m] [0m[0m	at java.util.concurrent.ThreadPoolExecutor.runWorker(Unknown Source)[0m
[0m[[0m[31merror[0m] [0m[0m	at java.util.concurrent.ThreadPoolExecutor$Worker.run(Unknown Source)[0m
[0m[[0m[31merror[0m] [0m[0m	at java.lang.Thread.run(Unknown Source)[0m
[0m[[0m[31merror[0m] [0m[0m(Compile / [31mrun[0m) org.apache.spark.sql.AnalysisException: cannot resolve '`Organization`' given input columns: [cyb1.Credit_card_details_leaked, cyb1.Attack_type, cyb1.Sector, cyb1.Improper_network_segmentation, cyb1.Attack_vector, cyb1.Organisation, cyb1.Address_leaked, cyb1.Country, cyb1.Attacker, cyb1.Ransom_paid, cyb1.Number_of_users_affected, cyb1.Summary, cyb1.Critical_Industry, cyb1.PII_exposed, cyb1.Subsequent_fraudulent_use_of_data, cyb1.Restructuring_after_attack, cyb1.Organisation_size, cyb1.Absence_of_encryption, cyb1.Inappropriate_remote_access, cyb1.SSN_taxID_leaked, cyb1.Names_exposed, cyb1.Year]; line 1 pos 13;[0m
[0m[[0m[31merror[0m] [0m[0m'GlobalLimit 10[0m
[0m[[0m[31merror[0m] [0m[0m+- 'LocalLimit 10[0m
[0m[[0m[31merror[0m] [0m[0m   +- 'Project [Year#361, 'Organization, Country#366, Number_of_users_affected#372][0m
[0m[[0m[31merror[0m] [0m[0m      +- Filter (Absence_of_encryption#369 = YES)[0m
[0m[[0m[31merror[0m] [0m[0m         +- SubqueryAlias cyb1[0m
[0m[[0m[31merror[0m] [0m[0m            +- HiveTableRelation `default`.`cyb1`, org.apache.hadoop.hive.serde2.lazy.LazySimpleSerDe, [Year#361, Organisation#362, Critical_Industry#363, Organisation_size#364, Sector#365, Country#366, Improper_network_segmentation#367, Inappropriate_remote_access#368, Absence_of_encryption#369, Restructuring_after_attack#370, Ransom_paid#371, Number_of_users_affected#372, Attack_type#373, Attacker#374, Attack_vector#375, Names_exposed#376, Address_leaked#377, PII_exposed#378, Credit_card_details_leaked#379, SSN_taxID_leaked#380, Subsequent_fraudulent_use_of_data#381, Summary#382][0m
[0m[[0m[31merror[0m] [0m[0mTotal time: 69 s (01:09), completed Jan 27, 2022 1:09:29 PM[0m
[0m[[0m[0mdebug[0m] [0m[0m> Exec(shell, None, None)[0m
