[0m[[0m[0mdebug[0m] [0m[0m> Exec(early(addDefaultCommands), None, None)[0m
[0m[[0m[0mdebug[0m] [0m[0m> Exec(addDefaultCommands, None, None)[0m
[0m[[0m[0mdebug[0m] [0m[0m> Exec(early(initialize), None, None)[0m
[0m[[0m[0mdebug[0m] [0m[0m> Exec(initialize, None, None)[0m
[0m[[0m[0mdebug[0m] [0m[0m> Exec(boot, None, None)[0m
[0m[[0m[0mdebug[0m] [0m[0m> Exec(writeSbtVersion, None, None)[0m
[0m[[0m[0mdebug[0m] [0m[0m> Exec(reload, None, None)[0m
[0m[[0m[0mdebug[0m] [0m[0m> Exec(sbtStashOnFailure, None, None)[0m
[0m[[0m[0mdebug[0m] [0m[0m> Exec(onFailure loadFailed, None, None)[0m
[0m[[0m[0mdebug[0m] [0m[0m> Exec(loadp, None, None)[0m
[0m[[0m[0minfo[0m] [0m[0mwelcome to sbt 1.6.1 (Oracle Corporation Java 1.8.0_311)[0m
[0m[[0m[0mdebug[0m] [0m[0mLoad.defaultLoad until apply took 1226.2279ms[0m
[0m[[0m[0mdebug[0m] [0m[0m                Load.loadUnit: plugins took 127.493ms[0m
[0m[[0m[0mdebug[0m] [0m[0m                Load.loadUnit: defsScala took 0.4131ms[0m
[0m[[0m[0mdebug[0m] [0m[0m[Loading] Scanning directory C:\Users\king\Desktop\BigDataModule\Project1\project\project[0m
[0m[[0m[0mdebug[0m] [0m[0m                  Load.loadUnit: mkEval took 8.7303ms[0m
[0m[[0m[0mdebug[0m] [0m[0m[Loading] Found non-root projects [0m
[0m[[0m[0mdebug[0m] [0m[0m[Loading] Done in C:\Users\king\Desktop\BigDataModule\Project1\project\project, returning: ()[0m
[0m[[0m[0mdebug[0m] [0m[0mdeducing auto plugins based on known facts Set(Atom(sbt.plugins.CorePlugin)) and clauses Clauses(Clause(Atom(sbt.plugins.JvmPlugin),Set(Atom(sbt.plugins.IvyPlugin)))[0m
[0m[[0m[0mdebug[0m] [0m[0mClause(Atom(sbt.ScriptedPlugin),Set(Atom(sbt.plugins.JvmPlugin)))[0m
[0m[[0m[0mdebug[0m] [0m[0mClause(Atom(sbt.plugins.SbtPlugin),Set(Atom(sbt.ScriptedPlugin)))[0m
[0m[[0m[0mdebug[0m] [0m[0mClause(Atom(sbt.plugins.SemanticdbPlugin),Set(Atom(sbt.plugins.JvmPlugin)))[0m
[0m[[0m[0mdebug[0m] [0m[0mClause(Atom(sbt.plugins.JUnitXmlReportPlugin),Set(Atom(sbt.plugins.JvmPlugin)))[0m
[0m[[0m[0mdebug[0m] [0m[0mClause(Atom(sbt.plugins.MiniDependencyTreePlugin),Set(Atom(sbt.plugins.JvmPlugin)))[0m
[0m[[0m[0mdebug[0m] [0m[0mClause(Atom(sbt.plugins.CorePlugin),Set(Atom(sbt.plugins.IvyPlugin)))[0m
[0m[[0m[0mdebug[0m] [0m[0mClause(Atom(sbt.plugins.IvyPlugin),Set(Atom(sbt.plugins.JvmPlugin)))[0m
[0m[[0m[0mdebug[0m] [0m[0mClause(Atom(sbt.plugins.JvmPlugin),Set(Atom(sbt.plugins.SemanticdbPlugin)))[0m
[0m[[0m[0mdebug[0m] [0m[0mClause(Atom(sbt.plugins.JvmPlugin),Set(Atom(sbt.plugins.JUnitXmlReportPlugin)))[0m
[0m[[0m[0mdebug[0m] [0m[0mClause(Atom(sbt.plugins.CorePlugin),Set(Atom(sbt.plugins.Giter8TemplatePlugin)))[0m
[0m[[0m[0mdebug[0m] [0m[0mClause(Atom(sbt.plugins.JvmPlugin),Set(Atom(sbt.plugins.MiniDependencyTreePlugin))))[0m
[0m[[0m[0mdebug[0m] [0m[0m  :: deduced result: Matched(sbt.plugins.CorePlugin,sbt.plugins.Giter8TemplatePlugin,sbt.plugins.IvyPlugin,sbt.plugins.JvmPlugin,sbt.plugins.MiniDependencyTreePlugin,sbt.plugins.JUnitXmlReportPlugin,sbt.plugins.SemanticdbPlugin)[0m
[0m[[0m[0mdebug[0m] [0m[0mPlugins.deducer#function took 22.6006 ms[0m
[0m[[0m[0minfo[0m] [0m[0mloading settings for project project1-build-build from metals.sbt ...[0m
[0m[[0m[0mdebug[0m] [0m[0m                    Load.resolveProject(project1-build-build) took 64.1049ms[0m
[0m[[0m[0mdebug[0m] [0m[0m                  Load.loadTransitive: finalizeProject(Project(id project1-build-build, base: C:\Users\king\Desktop\BigDataModule\Project1\project\project, plugins: List(<none>))) took 118.6021ms[0m
[0m[[0m[0mdebug[0m] [0m[0m[Loading] Done in C:\Users\king\Desktop\BigDataModule\Project1\project\project, returning: (project1-build-build)[0m
[0m[[0m[0mdebug[0m] [0m[0m                Load.loadUnit: loadedProjectsRaw took 441.8253ms[0m
[0m[[0m[0mdebug[0m] [0m[0m                Load.loadUnit: cleanEvalClasses took 14.2047ms[0m
[0m[[0m[0mdebug[0m] [0m[0m              Load.loadUnit(file:/C:/Users/king/Desktop/BigDataModule/Project1/project/project/, ...) took 594.5012ms[0m
[0m[[0m[0mdebug[0m] [0m[0m            Load.apply: load took 810.9274ms[0m
[0m[[0m[0mdebug[0m] [0m[0m            Load.apply: resolveProjects took 9.9915ms[0m
[0m[[0m[0mdebug[0m] [0m[0m            Load.apply: finalTransforms took 105.8075ms[0m
[0m[[0m[0mdebug[0m] [0m[0m            Load.apply: config.delegates took 17.2049ms[0m
[0m[[0m[0mdebug[0m] [0m[0m            Load.apply: Def.make(settings)... took 871.7619ms[0m
[0m[[0m[0mdebug[0m] [0m[0m            Load.apply: structureIndex took 233.2815ms[0m
[0m[[0m[0mdebug[0m] [0m[0m            Load.apply: mkStreams took 2.3806ms[0m
[0m[[0m[0minfo[0m] [0m[0mloading project definition from C:\Users\king\Desktop\BigDataModule\Project1\project\project[0m
[0m[[0m[0mdebug[0m] [0m[0mRunning task... Cancel: Signal, check cycles: false, forcegc: true[0m
[0m[[0m[0mdebug[0m] [0m[0m          Load.loadUnit: plugins took 4143.2614ms[0m
[0m[[0m[0mdebug[0m] [0m[0m          Load.loadUnit: defsScala took 0.0066ms[0m
[0m[[0m[0mdebug[0m] [0m[0m[Loading] Scanning directory C:\Users\king\Desktop\BigDataModule\Project1\project[0m
[0m[[0m[0mdebug[0m] [0m[0m            Load.loadUnit: mkEval took 0.5624ms[0m
[0m[[0m[0mdebug[0m] [0m[0m[Loading] Found non-root projects [0m
[0m[[0m[0mdebug[0m] [0m[0m[Loading] Done in C:\Users\king\Desktop\BigDataModule\Project1\project, returning: ()[0m
[0m[[0m[0mdebug[0m] [0m[0mdeducing auto plugins based on known facts Set(Atom(sbt.plugins.CorePlugin)) and clauses Clauses(Clause(Atom(sbt.plugins.JvmPlugin),Set(Atom(sbt.plugins.IvyPlugin)))[0m
[0m[[0m[0mdebug[0m] [0m[0mClause(Atom(sbt.ScriptedPlugin),Set(Atom(sbt.plugins.JvmPlugin)))[0m
[0m[[0m[0mdebug[0m] [0m[0mClause(Atom(sbt.plugins.SbtPlugin),Set(Atom(sbt.ScriptedPlugin)))[0m
[0m[[0m[0mdebug[0m] [0m[0mClause(Atom(sbt.plugins.SemanticdbPlugin),Set(Atom(sbt.plugins.JvmPlugin)))[0m
[0m[[0m[0mdebug[0m] [0m[0mClause(Atom(sbt.plugins.JUnitXmlReportPlugin),Set(Atom(sbt.plugins.JvmPlugin)))[0m
[0m[[0m[0mdebug[0m] [0m[0mClause(Atom(sbt.plugins.MiniDependencyTreePlugin),Set(Atom(sbt.plugins.JvmPlugin)))[0m
[0m[[0m[0mdebug[0m] [0m[0mClause(Atom(bloop.integrations.sbt.BloopPlugin),Set(Atom(sbt.plugins.JvmPlugin)))[0m
[0m[[0m[0mdebug[0m] [0m[0mClause(Atom(sbt.plugins.CorePlugin),Set(Atom(sbt.plugins.IvyPlugin)))[0m
[0m[[0m[0mdebug[0m] [0m[0mClause(Atom(sbt.plugins.IvyPlugin),Set(Atom(sbt.plugins.JvmPlugin)))[0m
[0m[[0m[0mdebug[0m] [0m[0mClause(Atom(sbt.plugins.JvmPlugin),Set(Atom(sbt.plugins.SemanticdbPlugin)))[0m
[0m[[0m[0mdebug[0m] [0m[0mClause(Atom(sbt.plugins.JvmPlugin),Set(Atom(sbt.plugins.JUnitXmlReportPlugin)))[0m
[0m[[0m[0mdebug[0m] [0m[0mClause(Atom(sbt.plugins.CorePlugin),Set(Atom(sbt.plugins.Giter8TemplatePlugin)))[0m
[0m[[0m[0mdebug[0m] [0m[0mClause(Atom(sbt.plugins.JvmPlugin),Set(Atom(sbt.plugins.MiniDependencyTreePlugin)))[0m
[0m[[0m[0mdebug[0m] [0m[0mClause(Atom(sbt.plugins.JvmPlugin),Set(Atom(bloop.integrations.sbt.BloopPlugin))))[0m
[0m[[0m[0mdebug[0m] [0m[0m  :: deduced result: Matched(sbt.plugins.CorePlugin,sbt.plugins.Giter8TemplatePlugin,sbt.plugins.IvyPlugin,sbt.plugins.JvmPlugin,bloop.integrations.sbt.BloopPlugin,sbt.plugins.MiniDependencyTreePlugin,sbt.plugins.JUnitXmlReportPlugin,sbt.plugins.SemanticdbPlugin)[0m
[0m[[0m[0mdebug[0m] [0m[0mPlugins.deducer#function took 3.1607 ms[0m
[0m[[0m[0minfo[0m] [0m[0mloading settings for project project1-build from metals.sbt ...[0m
[0m[[0m[0mdebug[0m] [0m[0m              Load.resolveProject(project1-build) took 40.6362ms[0m
[0m[[0m[0mdebug[0m] [0m[0m            Load.loadTransitive: finalizeProject(Project(id project1-build, base: C:\Users\king\Desktop\BigDataModule\Project1\project, plugins: List(<none>))) took 44.6371ms[0m
[0m[[0m[0mdebug[0m] [0m[0m[Loading] Done in C:\Users\king\Desktop\BigDataModule\Project1\project, returning: (project1-build)[0m
[0m[[0m[0mdebug[0m] [0m[0m          Load.loadUnit: loadedProjectsRaw took 95.5302ms[0m
[0m[[0m[0mdebug[0m] [0m[0m          Load.loadUnit: cleanEvalClasses took 2.7562ms[0m
[0m[[0m[0mdebug[0m] [0m[0m        Load.loadUnit(file:/C:/Users/king/Desktop/BigDataModule/Project1/project/, ...) took 4243.208ms[0m
[0m[[0m[0mdebug[0m] [0m[0m      Load.apply: load took 4248.3988ms[0m
[0m[[0m[0mdebug[0m] [0m[0m      Load.apply: resolveProjects took 0.214ms[0m
[0m[[0m[0mdebug[0m] [0m[0m      Load.apply: finalTransforms took 37.3692ms[0m
[0m[[0m[0mdebug[0m] [0m[0m      Load.apply: config.delegates took 1.0683ms[0m
[0m[[0m[0mdebug[0m] [0m[0m      Load.apply: Def.make(settings)... took 233.9831ms[0m
[0m[[0m[0mdebug[0m] [0m[0m      Load.apply: structureIndex took 56.3021ms[0m
[0m[[0m[0mdebug[0m] [0m[0m      Load.apply: mkStreams took 0.0038ms[0m
[0m[[0m[0minfo[0m] [0m[0mloading project definition from C:\Users\king\Desktop\BigDataModule\Project1\project[0m
[0m[[0m[0mdebug[0m] [0m[0mEvaluating tasks: bloopInstall[0m
[0m[[0m[0mdebug[0m] [0m[0mRunning task... Cancel: Signal, check cycles: false, forcegc: true[0m
[0m[[0m[32msuccess[0m] [0m[0mGenerated .bloop\project1-build.json[0m
[0m[[0m[32msuccess[0m] [0m[0mTotal time: 2 s, completed Feb 2, 2022 8:24:51 AM[0m
[0m[[0m[0mdebug[0m] [0m[0mRunning task... Cancel: Signal, check cycles: false, forcegc: true[0m
[0m[[0m[0mdebug[0m] [0m[0m    Load.loadUnit: plugins took 6938.1198ms[0m
[0m[[0m[0mdebug[0m] [0m[0m    Load.loadUnit: defsScala took 0.0089ms[0m
[0m[[0m[0mdebug[0m] [0m[0m[Loading] Scanning directory C:\Users\king\Desktop\BigDataModule\Project1[0m
[0m[[0m[0mdebug[0m] [0m[0m      Load.loadUnit: mkEval took 1.6328ms[0m
[0m[[0m[0mdebug[0m] [0m[0m[Loading] Found non-root projects [0m
[0m[[0m[0mdebug[0m] [0m[0m[Loading] Done in C:\Users\king\Desktop\BigDataModule\Project1, returning: ()[0m
[0m[[0m[0mdebug[0m] [0m[0mdeducing auto plugins based on known facts Set(Atom(sbt.plugins.CorePlugin)) and clauses Clauses(Clause(Atom(sbt.plugins.JvmPlugin),Set(Atom(sbt.plugins.IvyPlugin)))[0m
[0m[[0m[0mdebug[0m] [0m[0mClause(Atom(sbt.ScriptedPlugin),Set(Atom(sbt.plugins.JvmPlugin)))[0m
[0m[[0m[0mdebug[0m] [0m[0mClause(Atom(sbt.plugins.SbtPlugin),Set(Atom(sbt.ScriptedPlugin)))[0m
[0m[[0m[0mdebug[0m] [0m[0mClause(Atom(sbt.plugins.SemanticdbPlugin),Set(Atom(sbt.plugins.JvmPlugin)))[0m
[0m[[0m[0mdebug[0m] [0m[0mClause(Atom(sbt.plugins.JUnitXmlReportPlugin),Set(Atom(sbt.plugins.JvmPlugin)))[0m
[0m[[0m[0mdebug[0m] [0m[0mClause(Atom(sbt.plugins.MiniDependencyTreePlugin),Set(Atom(sbt.plugins.JvmPlugin)))[0m
[0m[[0m[0mdebug[0m] [0m[0mClause(Atom(bloop.integrations.sbt.BloopPlugin),Set(Atom(sbt.plugins.JvmPlugin)))[0m
[0m[[0m[0mdebug[0m] [0m[0mClause(Atom(sbt.plugins.CorePlugin),Set(Atom(sbt.plugins.IvyPlugin)))[0m
[0m[[0m[0mdebug[0m] [0m[0mClause(Atom(sbt.plugins.IvyPlugin),Set(Atom(sbt.plugins.JvmPlugin)))[0m
[0m[[0m[0mdebug[0m] [0m[0mClause(Atom(sbt.plugins.JvmPlugin),Set(Atom(sbt.plugins.SemanticdbPlugin)))[0m
[0m[[0m[0mdebug[0m] [0m[0mClause(Atom(sbt.plugins.JvmPlugin),Set(Atom(sbt.plugins.JUnitXmlReportPlugin)))[0m
[0m[[0m[0mdebug[0m] [0m[0mClause(Atom(sbt.plugins.CorePlugin),Set(Atom(sbt.plugins.Giter8TemplatePlugin)))[0m
[0m[[0m[0mdebug[0m] [0m[0mClause(Atom(sbt.plugins.JvmPlugin),Set(Atom(sbt.plugins.MiniDependencyTreePlugin)))[0m
[0m[[0m[0mdebug[0m] [0m[0mClause(Atom(sbt.plugins.JvmPlugin),Set(Atom(bloop.integrations.sbt.BloopPlugin))))[0m
[0m[[0m[0mdebug[0m] [0m[0m  :: deduced result: Matched(sbt.plugins.CorePlugin,sbt.plugins.Giter8TemplatePlugin,sbt.plugins.IvyPlugin,sbt.plugins.JvmPlugin,bloop.integrations.sbt.BloopPlugin,sbt.plugins.MiniDependencyTreePlugin,sbt.plugins.JUnitXmlReportPlugin,sbt.plugins.SemanticdbPlugin)[0m
[0m[[0m[0mdebug[0m] [0m[0mPlugins.deducer#function took 4.8388 ms[0m
[0m[[0m[0minfo[0m] [0m[0mloading settings for project project1 from build.sbt ...[0m
[0m[[0m[0mdebug[0m] [0m[0m        Load.resolveProject(project1) took 29.4552ms[0m
[0m[[0m[0mdebug[0m] [0m[0m      Load.loadTransitive: finalizeProject(Project(id project1, base: C:\Users\king\Desktop\BigDataModule\Project1, plugins: List(<none>))) took 35.3459ms[0m
[0m[[0m[0mdebug[0m] [0m[0m[Loading] Done in C:\Users\king\Desktop\BigDataModule\Project1, returning: (project1)[0m
[0m[[0m[0mdebug[0m] [0m[0m    Load.loadUnit: loadedProjectsRaw took 211.8008ms[0m
[0m[[0m[0mdebug[0m] [0m[0m    Load.loadUnit: cleanEvalClasses took 6.048ms[0m
[0m[[0m[0mdebug[0m] [0m[0m  Load.loadUnit(file:/C:/Users/king/Desktop/BigDataModule/Project1/, ...) took 7158.2151ms[0m
[0m[[0m[0mdebug[0m] [0m[0mLoad.apply: load took 7189.8154ms[0m
[0m[[0m[0mdebug[0m] [0m[0mLoad.apply: resolveProjects took 0.2201ms[0m
[0m[[0m[0mdebug[0m] [0m[0mLoad.apply: finalTransforms took 38.5519ms[0m
[0m[[0m[0mdebug[0m] [0m[0mLoad.apply: config.delegates took 1.0698ms[0m
[0m[[0m[0mdebug[0m] [0m[0mLoad.apply: Def.make(settings)... took 193.9585ms[0m
[0m[[0m[0mdebug[0m] [0m[0mLoad.apply: structureIndex took 57.1567ms[0m
[0m[[0m[0mdebug[0m] [0m[0mLoad.apply: mkStreams took 0.0038ms[0m
[0m[[0m[0minfo[0m] [0m[0mset current project to P1 (in build file:/C:/Users/king/Desktop/BigDataModule/Project1/)[0m
[0m[[0m[0mdebug[0m] [0m[0m> Exec(sbtPopOnFailure, None, None)[0m
[0m[[0m[0mdebug[0m] [0m[0m> Exec(resumeFromFailure, None, None)[0m
[0m[[0m[0mdebug[0m] [0m[0m> Exec(notifyUsersAboutShell, None, None)[0m
[0m[[0m[0mdebug[0m] [0m[0m> Exec(iflast shell, None, None)[0m
[0m[[0m[0mdebug[0m] [0m[0m> Exec(shell, None, None)[0m
[0m[[0m[0minfo[0m] [0m[0msbt server started at local:sbt-server-a426e9b68500ba2e84b9[0m
[0m[[0m[0mdebug[0m] [0m[0mWriting bsp connection file[0m
[0m[[0m[0minfo[0m] [0m[0mstarted sbt server[0m
