[0m[[0m[0mdebug[0m] [0m[0m> Exec(run, Some(9d3e2218-eca4-4e01-b88a-a797e5726615), Some(CommandSource(console0)))[0m
[0m[[0m[0mdebug[0m] [0m[0mEvaluating tasks: Compile / run[0m
[0m[[0m[0mdebug[0m] [0m[0mRunning task... Cancel: Signal, check cycles: false, forcegc: true[0m
[0m[[0m[0minfo[0m] [0m[0mcompiling 1 Scala source to C:\Users\king\Desktop\BigDataModule\Project1\target\scala-2.11\classes ...[0m
[0m[[0m[33mwarn[0m] [0m[0mthere were 10 deprecation warnings; re-run with -deprecation for details[0m
[0m[[0m[33mwarn[0m] [0m[0mone warning found[0m
[0m[[0m[31merror[0m] [0m[0morg.apache.spark.SparkException: Job aborted.[0m
[0m[[0m[31merror[0m] [0m[0m	at org.apache.spark.sql.execution.datasources.FileFormatWriter$.write(FileFormatWriter.scala:224)[0m
[0m[[0m[31merror[0m] [0m[0m	at org.apache.spark.sql.hive.execution.SaveAsHiveFile$class.saveAsHiveFile(SaveAsHiveFile.scala:86)[0m
[0m[[0m[31merror[0m] [0m[0m	at org.apache.spark.sql.hive.execution.InsertIntoHiveTable.saveAsHiveFile(InsertIntoHiveTable.scala:66)[0m
[0m[[0m[31merror[0m] [0m[0m	at org.apache.spark.sql.hive.execution.InsertIntoHiveTable.processInsert(InsertIntoHiveTable.scala:195)[0m
[0m[[0m[31merror[0m] [0m[0m	at org.apache.spark.sql.hive.execution.InsertIntoHiveTable.run(InsertIntoHiveTable.scala:99)[0m
[0m[[0m[31merror[0m] [0m[0m	at org.apache.spark.sql.execution.command.DataWritingCommandExec.sideEffectResult$lzycompute(commands.scala:104)[0m
[0m[[0m[31merror[0m] [0m[0m	at org.apache.spark.sql.execution.command.DataWritingCommandExec.sideEffectResult(commands.scala:102)[0m
[0m[[0m[31merror[0m] [0m[0m	at org.apache.spark.sql.execution.command.DataWritingCommandExec.executeCollect(commands.scala:115)[0m
[0m[[0m[31merror[0m] [0m[0m	at org.apache.spark.sql.Dataset$$anonfun$6.apply(Dataset.scala:190)[0m
[0m[[0m[31merror[0m] [0m[0m	at org.apache.spark.sql.Dataset$$anonfun$6.apply(Dataset.scala:190)[0m
[0m[[0m[31merror[0m] [0m[0m	at org.apache.spark.sql.Dataset$$anonfun$52.apply(Dataset.scala:3259)[0m
[0m[[0m[31merror[0m] [0m[0m	at org.apache.spark.sql.execution.SQLExecution$.withNewExecutionId(SQLExecution.scala:77)[0m
[0m[[0m[31merror[0m] [0m[0m	at org.apache.spark.sql.Dataset.withAction(Dataset.scala:3258)[0m
[0m[[0m[31merror[0m] [0m[0m	at org.apache.spark.sql.Dataset.<init>(Dataset.scala:190)[0m
[0m[[0m[31merror[0m] [0m[0m	at org.apache.spark.sql.Dataset$.ofRows(Dataset.scala:75)[0m
[0m[[0m[31merror[0m] [0m[0m	at org.apache.spark.sql.SparkSession.sql(SparkSession.scala:642)[0m
[0m[[0m[31merror[0m] [0m[0m	at org.apache.spark.sql.SQLContext.sql(SQLContext.scala:694)[0m
[0m[[0m[31merror[0m] [0m[0m	at P1$.insertCyberAttacks(P1.scala:127)[0m
[0m[[0m[31merror[0m] [0m[0m	at P1$.main(P1.scala:47)[0m
[0m[[0m[31merror[0m] [0m[0m	at P1.main(P1.scala)[0m
[0m[[0m[31merror[0m] [0m[0m	at sun.reflect.NativeMethodAccessorImpl.invoke0(Native Method)[0m
[0m[[0m[31merror[0m] [0m[0m	at sun.reflect.NativeMethodAccessorImpl.invoke(Unknown Source)[0m
[0m[[0m[31merror[0m] [0m[0m	at sun.reflect.DelegatingMethodAccessorImpl.invoke(Unknown Source)[0m
[0m[[0m[31merror[0m] [0m[0m	at java.lang.reflect.Method.invoke(Unknown Source)[0m
[0m[[0m[31merror[0m] [0m[0m	at sbt.Run.invokeMain(Run.scala:143)[0m
[0m[[0m[31merror[0m] [0m[0m	at sbt.Run.execute$1(Run.scala:93)[0m
[0m[[0m[31merror[0m] [0m[0m	at sbt.Run.$anonfun$runWithLoader$5(Run.scala:120)[0m
[0m[[0m[31merror[0m] [0m[0m	at sbt.Run$.executeSuccess(Run.scala:186)[0m
[0m[[0m[31merror[0m] [0m[0m	at sbt.Run.runWithLoader(Run.scala:120)[0m
[0m[[0m[31merror[0m] [0m[0m	at sbt.Defaults$.$anonfun$bgRunTask$6(Defaults.scala:1983)[0m
[0m[[0m[31merror[0m] [0m[0m	at sbt.Defaults$.$anonfun$termWrapper$2(Defaults.scala:1922)[0m
[0m[[0m[31merror[0m] [0m[0m	at scala.runtime.java8.JFunction0$mcV$sp.apply(JFunction0$mcV$sp.java:23)[0m
[0m[[0m[31merror[0m] [0m[0m	at scala.util.Try$.apply(Try.scala:213)[0m
[0m[[0m[31merror[0m] [0m[0m	at sbt.internal.BackgroundThreadPool$BackgroundRunnable.run(DefaultBackgroundJobService.scala:369)[0m
[0m[[0m[31merror[0m] [0m[0m	at java.util.concurrent.ThreadPoolExecutor.runWorker(Unknown Source)[0m
[0m[[0m[31merror[0m] [0m[0m	at java.util.concurrent.ThreadPoolExecutor$Worker.run(Unknown Source)[0m
[0m[[0m[31merror[0m] [0m[0m	at java.lang.Thread.run(Unknown Source)[0m
[0m[[0m[31merror[0m] [0m[0mCaused by: org.apache.spark.SparkException: Job aborted due to stage failure: Task 0 in stage 0.0 failed 1 times, most recent failure: Lost task 0.0 in stage 0.0 (TID 0, localhost, executor driver): org.apache.spark.SparkException: Task failed while writing rows.[0m
[0m[[0m[31merror[0m] [0m[0m	at org.apache.spark.sql.execution.datasources.FileFormatWriter$.org$apache$spark$sql$execution$datasources$FileFormatWriter$$executeTask(FileFormatWriter.scala:285)[0m
[0m[[0m[31merror[0m] [0m[0m	at org.apache.spark.sql.execution.datasources.FileFormatWriter$$anonfun$write$1.apply(FileFormatWriter.scala:197)[0m
[0m[[0m[31merror[0m] [0m[0m	at org.apache.spark.sql.execution.datasources.FileFormatWriter$$anonfun$write$1.apply(FileFormatWriter.scala:196)[0m
[0m[[0m[31merror[0m] [0m[0m	at org.apache.spark.scheduler.ResultTask.runTask(ResultTask.scala:87)[0m
[0m[[0m[31merror[0m] [0m[0m	at org.apache.spark.scheduler.Task.run(Task.scala:109)[0m
[0m[[0m[31merror[0m] [0m[0m	at org.apache.spark.executor.Executor$TaskRunner.run(Executor.scala:345)[0m
[0m[[0m[31merror[0m] [0m[0m	at java.util.concurrent.ThreadPoolExecutor.runWorker(Unknown Source)[0m
[0m[[0m[31merror[0m] [0m[0m	at java.util.concurrent.ThreadPoolExecutor$Worker.run(Unknown Source)[0m
[0m[[0m[31merror[0m] [0m[0m	at java.lang.Thread.run(Unknown Source)[0m
[0m[[0m[31merror[0m] [0m[0mCaused by: org.apache.hadoop.hive.ql.metadata.HiveException: java.io.IOException: Mkdirs failed to create file:/C:/Users/king/Desktop/BigDataModule/Project1/spark-warehouse/cyb3/.hive-staging_hive_2022-02-02_07-54-37_499_6964991969908853859-1/-ext-10000/_temporary/0/_temporary/attempt_20220202075441_0000_m_000000_0/Country=Malware%20was%20installed%20on%20additional%20PoS%20terminals%20giving%20access%20to%20card%20logs%20(separated%20%20from%20earlier%20incident%20as%20different%20technique%20to%20other%20PoS%20attack%20%20with%20historical%20credit%20log%20data%20taken) (exists=false, cwd=file:/C:/Users/king/Desktop/BigDataModule/Project1)[0m
[0m[[0m[31merror[0m] [0m[0m	at org.apache.hadoop.hive.ql.io.HiveFileFormatUtils.getHiveRecordWriter(HiveFileFormatUtils.java:249)[0m
[0m[[0m[31merror[0m] [0m[0m	at org.apache.spark.sql.hive.execution.HiveOutputWriter.<init>(HiveFileFormat.scala:123)[0m
[0m[[0m[31merror[0m] [0m[0m	at org.apache.spark.sql.hive.execution.HiveFileFormat$$anon$1.newInstance(HiveFileFormat.scala:103)[0m
[0m[[0m[31merror[0m] [0m[0m	at org.apache.spark.sql.execution.datasources.FileFormatWriter$DynamicPartitionWriteTask.org$apache$spark$sql$execution$datasources$FileFormatWriter$DynamicPartitionWriteTask$$newOutputWriter(FileFormatWriter.scala:511)[0m
[0m[[0m[31merror[0m] [0m[0m	at org.apache.spark.sql.execution.datasources.FileFormatWriter$DynamicPartitionWriteTask$$anonfun$execute$5.apply(FileFormatWriter.scala:546)[0m
[0m[[0m[31merror[0m] [0m[0m	at org.apache.spark.sql.execution.datasources.FileFormatWriter$DynamicPartitionWriteTask$$anonfun$execute$5.apply(FileFormatWriter.scala:527)[0m
[0m[[0m[31merror[0m] [0m[0m	at scala.collection.Iterator$class.foreach(Iterator.scala:891)[0m
[0m[[0m[31merror[0m] [0m[0m	at scala.collection.AbstractIterator.foreach(Iterator.scala:1334)[0m
[0m[[0m[31merror[0m] [0m[0m	at org.apache.spark.sql.execution.datasources.FileFormatWriter$DynamicPartitionWriteTask.execute(FileFormatWriter.scala:527)[0m
[0m[[0m[31merror[0m] [0m[0m	at org.apache.spark.sql.execution.datasources.FileFormatWriter$$anonfun$org$apache$spark$sql$execution$datasources$FileFormatWriter$$executeTask$3.apply(FileFormatWriter.scala:269)[0m
[0m[[0m[31merror[0m] [0m[0m	at org.apache.spark.sql.execution.datasources.FileFormatWriter$$anonfun$org$apache$spark$sql$execution$datasources$FileFormatWriter$$executeTask$3.apply(FileFormatWriter.scala:267)[0m
[0m[[0m[31merror[0m] [0m[0m	at org.apache.spark.util.Utils$.tryWithSafeFinallyAndFailureCallbacks(Utils.scala:1415)[0m
[0m[[0m[31merror[0m] [0m[0m	at org.apache.spark.sql.execution.datasources.FileFormatWriter$.org$apache$spark$sql$execution$datasources$FileFormatWriter$$executeTask(FileFormatWriter.scala:272)[0m
[0m[[0m[31merror[0m] [0m[0m	... 8 more[0m
[0m[[0m[31merror[0m] [0m[0mCaused by: java.io.IOException: Mkdirs failed to create file:/C:/Users/king/Desktop/BigDataModule/Project1/spark-warehouse/cyb3/.hive-staging_hive_2022-02-02_07-54-37_499_6964991969908853859-1/-ext-10000/_temporary/0/_temporary/attempt_20220202075441_0000_m_000000_0/Country=Malware%20was%20installed%20on%20additional%20PoS%20terminals%20giving%20access%20to%20card%20logs%20(separated%20%20from%20earlier%20incident%20as%20different%20technique%20to%20other%20PoS%20attack%20%20with%20historical%20credit%20log%20data%20taken) (exists=false, cwd=file:/C:/Users/king/Desktop/BigDataModule/Project1)[0m
[0m[[0m[31merror[0m] [0m[0m	at org.apache.hadoop.fs.ChecksumFileSystem.create(ChecksumFileSystem.java:447)[0m
[0m[[0m[31merror[0m] [0m[0m	at org.apache.hadoop.fs.ChecksumFileSystem.create(ChecksumFileSystem.java:433)[0m
[0m[[0m[31merror[0m] [0m[0m	at org.apache.hadoop.fs.FileSystem.create(FileSystem.java:908)[0m
[0m[[0m[31merror[0m] [0m[0m	at org.apache.hadoop.fs.FileSystem.create(FileSystem.java:801)[0m
[0m[[0m[31merror[0m] [0m[0m	at org.apache.hadoop.hive.ql.io.HiveIgnoreKeyTextOutputFormat.getHiveRecordWriter(HiveIgnoreKeyTextOutputFormat.java:80)[0m
[0m[[0m[31merror[0m] [0m[0m	at org.apache.hadoop.hive.ql.io.HiveFileFormatUtils.getRecordWriter(HiveFileFormatUtils.java:261)[0m
[0m[[0m[31merror[0m] [0m[0m	at org.apache.hadoop.hive.ql.io.HiveFileFormatUtils.getHiveRecordWriter(HiveFileFormatUtils.java:246)[0m
[0m[[0m[31merror[0m] [0m[0m	... 20 more[0m
[0m[[0m[31merror[0m] [0m[0m[0m
[0m[[0m[31merror[0m] [0m[0mDriver stacktrace:[0m
[0m[[0m[31merror[0m] [0m[0m	at org.apache.spark.scheduler.DAGScheduler.org$apache$spark$scheduler$DAGScheduler$$failJobAndIndependentStages(DAGScheduler.scala:1651)[0m
[0m[[0m[31merror[0m] [0m[0m	at org.apache.spark.scheduler.DAGScheduler$$anonfun$abortStage$1.apply(DAGScheduler.scala:1639)[0m
[0m[[0m[31merror[0m] [0m[0m	at org.apache.spark.scheduler.DAGScheduler$$anonfun$abortStage$1.apply(DAGScheduler.scala:1638)[0m
[0m[[0m[31merror[0m] [0m[0m	at scala.collection.mutable.ResizableArray$class.foreach(ResizableArray.scala:59)[0m
[0m[[0m[31merror[0m] [0m[0m	at scala.collection.mutable.ArrayBuffer.foreach(ArrayBuffer.scala:48)[0m
[0m[[0m[31merror[0m] [0m[0m	at org.apache.spark.scheduler.DAGScheduler.abortStage(DAGScheduler.scala:1638)[0m
[0m[[0m[31merror[0m] [0m[0m	at org.apache.spark.scheduler.DAGScheduler$$anonfun$handleTaskSetFailed$1.apply(DAGScheduler.scala:831)[0m
[0m[[0m[31merror[0m] [0m[0m	at org.apache.spark.scheduler.DAGScheduler$$anonfun$handleTaskSetFailed$1.apply(DAGScheduler.scala:831)[0m
[0m[[0m[31merror[0m] [0m[0m	at scala.Option.foreach(Option.scala:257)[0m
[0m[[0m[31merror[0m] [0m[0m	at org.apache.spark.scheduler.DAGScheduler.handleTaskSetFailed(DAGScheduler.scala:831)[0m
[0m[[0m[31merror[0m] [0m[0m	at org.apache.spark.scheduler.DAGSchedulerEventProcessLoop.doOnReceive(DAGScheduler.scala:1872)[0m
[0m[[0m[31merror[0m] [0m[0m	at org.apache.spark.scheduler.DAGSchedulerEventProcessLoop.onReceive(DAGScheduler.scala:1821)[0m
[0m[[0m[31merror[0m] [0m[0m	at org.apache.spark.scheduler.DAGSchedulerEventProcessLoop.onReceive(DAGScheduler.scala:1810)[0m
[0m[[0m[31merror[0m] [0m[0m	at org.apache.spark.util.EventLoop$$anon$1.run(EventLoop.scala:48)[0m
[0m[[0m[31merror[0m] [0m[0m	at org.apache.spark.scheduler.DAGScheduler.runJob(DAGScheduler.scala:642)[0m
[0m[[0m[31merror[0m] [0m[0m	at org.apache.spark.SparkContext.runJob(SparkContext.scala:2034)[0m
[0m[[0m[31merror[0m] [0m[0m	at org.apache.spark.sql.execution.datasources.FileFormatWriter$.write(FileFormatWriter.scala:194)[0m
[0m[[0m[31merror[0m] [0m[0m	at org.apache.spark.sql.hive.execution.SaveAsHiveFile$class.saveAsHiveFile(SaveAsHiveFile.scala:86)[0m
[0m[[0m[31merror[0m] [0m[0m	at org.apache.spark.sql.hive.execution.InsertIntoHiveTable.saveAsHiveFile(InsertIntoHiveTable.scala:66)[0m
[0m[[0m[31merror[0m] [0m[0m	at org.apache.spark.sql.hive.execution.InsertIntoHiveTable.processInsert(InsertIntoHiveTable.scala:195)[0m
[0m[[0m[31merror[0m] [0m[0m	at org.apache.spark.sql.hive.execution.InsertIntoHiveTable.run(InsertIntoHiveTable.scala:99)[0m
[0m[[0m[31merror[0m] [0m[0m	at org.apache.spark.sql.execution.command.DataWritingCommandExec.sideEffectResult$lzycompute(commands.scala:104)[0m
[0m[[0m[31merror[0m] [0m[0m	at org.apache.spark.sql.execution.command.DataWritingCommandExec.sideEffectResult(commands.scala:102)[0m
[0m[[0m[31merror[0m] [0m[0m	at org.apache.spark.sql.execution.command.DataWritingCommandExec.executeCollect(commands.scala:115)[0m
[0m[[0m[31merror[0m] [0m[0m	at org.apache.spark.sql.Dataset$$anonfun$6.apply(Dataset.scala:190)[0m
[0m[[0m[31merror[0m] [0m[0m	at org.apache.spark.sql.Dataset$$anonfun$6.apply(Dataset.scala:190)[0m
[0m[[0m[31merror[0m] [0m[0m	at org.apache.spark.sql.Dataset$$anonfun$52.apply(Dataset.scala:3259)[0m
[0m[[0m[31merror[0m] [0m[0m	at org.apache.spark.sql.execution.SQLExecution$.withNewExecutionId(SQLExecution.scala:77)[0m
[0m[[0m[31merror[0m] [0m[0m	at org.apache.spark.sql.Dataset.withAction(Dataset.scala:3258)[0m
[0m[[0m[31merror[0m] [0m[0m	at org.apache.spark.sql.Dataset.<init>(Dataset.scala:190)[0m
[0m[[0m[31merror[0m] [0m[0m	at org.apache.spark.sql.Dataset$.ofRows(Dataset.scala:75)[0m
[0m[[0m[31merror[0m] [0m[0m	at org.apache.spark.sql.SparkSession.sql(SparkSession.scala:642)[0m
[0m[[0m[31merror[0m] [0m[0m	at org.apache.spark.sql.SQLContext.sql(SQLContext.scala:694)[0m
[0m[[0m[31merror[0m] [0m[0m	at P1$.insertCyberAttacks(P1.scala:127)[0m
[0m[[0m[31merror[0m] [0m[0m	at P1$.main(P1.scala:47)[0m
[0m[[0m[31merror[0m] [0m[0m	at P1.main(P1.scala)[0m
[0m[[0m[31merror[0m] [0m[0m	at sun.reflect.NativeMethodAccessorImpl.invoke0(Native Method)[0m
[0m[[0m[31merror[0m] [0m[0m	at sun.reflect.NativeMethodAccessorImpl.invoke(Unknown Source)[0m
[0m[[0m[31merror[0m] [0m[0m	at sun.reflect.DelegatingMethodAccessorImpl.invoke(Unknown Source)[0m
[0m[[0m[31merror[0m] [0m[0m	at java.lang.reflect.Method.invoke(Unknown Source)[0m
[0m[[0m[31merror[0m] [0m[0m	at sbt.Run.invokeMain(Run.scala:143)[0m
[0m[[0m[31merror[0m] [0m[0m	at sbt.Run.execute$1(Run.scala:93)[0m
[0m[[0m[31merror[0m] [0m[0m	at sbt.Run.$anonfun$runWithLoader$5(Run.scala:120)[0m
[0m[[0m[31merror[0m] [0m[0m	at sbt.Run$.executeSuccess(Run.scala:186)[0m
[0m[[0m[31merror[0m] [0m[0m	at sbt.Run.runWithLoader(Run.scala:120)[0m
[0m[[0m[31merror[0m] [0m[0m	at sbt.Defaults$.$anonfun$bgRunTask$6(Defaults.scala:1983)[0m
[0m[[0m[31merror[0m] [0m[0m	at sbt.Defaults$.$anonfun$termWrapper$2(Defaults.scala:1922)[0m
[0m[[0m[31merror[0m] [0m[0m	at scala.runtime.java8.JFunction0$mcV$sp.apply(JFunction0$mcV$sp.java:23)[0m
[0m[[0m[31merror[0m] [0m[0m	at scala.util.Try$.apply(Try.scala:213)[0m
[0m[[0m[31merror[0m] [0m[0m	at sbt.internal.BackgroundThreadPool$BackgroundRunnable.run(DefaultBackgroundJobService.scala:369)[0m
[0m[[0m[31merror[0m] [0m[0m	at java.util.concurrent.ThreadPoolExecutor.runWorker(Unknown Source)[0m
[0m[[0m[31merror[0m] [0m[0m	at java.util.concurrent.ThreadPoolExecutor$Worker.run(Unknown Source)[0m
[0m[[0m[31merror[0m] [0m[0m	at java.lang.Thread.run(Unknown Source)[0m
[0m[[0m[31merror[0m] [0m[0mCaused by: org.apache.spark.SparkException: Task failed while writing rows.[0m
[0m[[0m[31merror[0m] [0m[0m	at org.apache.spark.sql.execution.datasources.FileFormatWriter$.org$apache$spark$sql$execution$datasources$FileFormatWriter$$executeTask(FileFormatWriter.scala:285)[0m
[0m[[0m[31merror[0m] [0m[0m	at org.apache.spark.sql.execution.datasources.FileFormatWriter$$anonfun$write$1.apply(FileFormatWriter.scala:197)[0m
[0m[[0m[31merror[0m] [0m[0m	at org.apache.spark.sql.execution.datasources.FileFormatWriter$$anonfun$write$1.apply(FileFormatWriter.scala:196)[0m
[0m[[0m[31merror[0m] [0m[0m	at org.apache.spark.scheduler.ResultTask.runTask(ResultTask.scala:87)[0m
[0m[[0m[31merror[0m] [0m[0m	at org.apache.spark.scheduler.Task.run(Task.scala:109)[0m
[0m[[0m[31merror[0m] [0m[0m	at org.apache.spark.executor.Executor$TaskRunner.run(Executor.scala:345)[0m
[0m[[0m[31merror[0m] [0m[0m	at java.util.concurrent.ThreadPoolExecutor.runWorker(Unknown Source)[0m
[0m[[0m[31merror[0m] [0m[0m	at java.util.concurrent.ThreadPoolExecutor$Worker.run(Unknown Source)[0m
[0m[[0m[31merror[0m] [0m[0m	at java.lang.Thread.run(Unknown Source)[0m
[0m[[0m[31merror[0m] [0m[0mCaused by: org.apache.hadoop.hive.ql.metadata.HiveException: java.io.IOException: Mkdirs failed to create file:/C:/Users/king/Desktop/BigDataModule/Project1/spark-warehouse/cyb3/.hive-staging_hive_2022-02-02_07-54-37_499_6964991969908853859-1/-ext-10000/_temporary/0/_temporary/attempt_20220202075441_0000_m_000000_0/Country=Malware%20was%20installed%20on%20additional%20PoS%20terminals%20giving%20access%20to%20card%20logs%20(separated%20%20from%20earlier%20incident%20as%20different%20technique%20to%20other%20PoS%20attack%20%20with%20historical%20credit%20log%20data%20taken) (exists=false, cwd=file:/C:/Users/king/Desktop/BigDataModule/Project1)[0m
[0m[[0m[31merror[0m] [0m[0m	at org.apache.hadoop.hive.ql.io.HiveFileFormatUtils.getHiveRecordWriter(HiveFileFormatUtils.java:249)[0m
[0m[[0m[31merror[0m] [0m[0m	at org.apache.spark.sql.hive.execution.HiveOutputWriter.<init>(HiveFileFormat.scala:123)[0m
[0m[[0m[31merror[0m] [0m[0m	at org.apache.spark.sql.hive.execution.HiveFileFormat$$anon$1.newInstance(HiveFileFormat.scala:103)[0m
[0m[[0m[31merror[0m] [0m[0m	at org.apache.spark.sql.execution.datasources.FileFormatWriter$DynamicPartitionWriteTask.org$apache$spark$sql$execution$datasources$FileFormatWriter$DynamicPartitionWriteTask$$newOutputWriter(FileFormatWriter.scala:511)[0m
[0m[[0m[31merror[0m] [0m[0m	at org.apache.spark.sql.execution.datasources.FileFormatWriter$DynamicPartitionWriteTask$$anonfun$execute$5.apply(FileFormatWriter.scala:546)[0m
[0m[[0m[31merror[0m] [0m[0m	at org.apache.spark.sql.execution.datasources.FileFormatWriter$DynamicPartitionWriteTask$$anonfun$execute$5.apply(FileFormatWriter.scala:527)[0m
[0m[[0m[31merror[0m] [0m[0m	at scala.collection.Iterator$class.foreach(Iterator.scala:891)[0m
[0m[[0m[31merror[0m] [0m[0m	at scala.collection.AbstractIterator.foreach(Iterator.scala:1334)[0m
[0m[[0m[31merror[0m] [0m[0m	at org.apache.spark.sql.execution.datasources.FileFormatWriter$DynamicPartitionWriteTask.execute(FileFormatWriter.scala:527)[0m
[0m[[0m[31merror[0m] [0m[0m	at org.apache.spark.sql.execution.datasources.FileFormatWriter$$anonfun$org$apache$spark$sql$execution$datasources$FileFormatWriter$$executeTask$3.apply(FileFormatWriter.scala:269)[0m
[0m[[0m[31merror[0m] [0m[0m	at org.apache.spark.sql.execution.datasources.FileFormatWriter$$anonfun$org$apache$spark$sql$execution$datasources$FileFormatWriter$$executeTask$3.apply(FileFormatWriter.scala:267)[0m
[0m[[0m[31merror[0m] [0m[0m	at org.apache.spark.util.Utils$.tryWithSafeFinallyAndFailureCallbacks(Utils.scala:1415)[0m
[0m[[0m[31merror[0m] [0m[0m	at org.apache.spark.sql.execution.datasources.FileFormatWriter$.org$apache$spark$sql$execution$datasources$FileFormatWriter$$executeTask(FileFormatWriter.scala:272)[0m
[0m[[0m[31merror[0m] [0m[0m	at org.apache.spark.sql.execution.datasources.FileFormatWriter$$anonfun$write$1.apply(FileFormatWriter.scala:197)[0m
[0m[[0m[31merror[0m] [0m[0m	at org.apache.spark.sql.execution.datasources.FileFormatWriter$$anonfun$write$1.apply(FileFormatWriter.scala:196)[0m
[0m[[0m[31merror[0m] [0m[0m	at org.apache.spark.scheduler.ResultTask.runTask(ResultTask.scala:87)[0m
[0m[[0m[31merror[0m] [0m[0m	at org.apache.spark.scheduler.Task.run(Task.scala:109)[0m
[0m[[0m[31merror[0m] [0m[0m	at org.apache.spark.executor.Executor$TaskRunner.run(Executor.scala:345)[0m
[0m[[0m[31merror[0m] [0m[0m	at java.util.concurrent.ThreadPoolExecutor.runWorker(Unknown Source)[0m
[0m[[0m[31merror[0m] [0m[0m	at java.util.concurrent.ThreadPoolExecutor$Worker.run(Unknown Source)[0m
[0m[[0m[31merror[0m] [0m[0m	at java.lang.Thread.run(Unknown Source)[0m
[0m[[0m[31merror[0m] [0m[0mCaused by: java.io.IOException: Mkdirs failed to create file:/C:/Users/king/Desktop/BigDataModule/Project1/spark-warehouse/cyb3/.hive-staging_hive_2022-02-02_07-54-37_499_6964991969908853859-1/-ext-10000/_temporary/0/_temporary/attempt_20220202075441_0000_m_000000_0/Country=Malware%20was%20installed%20on%20additional%20PoS%20terminals%20giving%20access%20to%20card%20logs%20(separated%20%20from%20earlier%20incident%20as%20different%20technique%20to%20other%20PoS%20attack%20%20with%20historical%20credit%20log%20data%20taken) (exists=false, cwd=file:/C:/Users/king/Desktop/BigDataModule/Project1)[0m
[0m[[0m[31merror[0m] [0m[0m	at org.apache.hadoop.fs.ChecksumFileSystem.create(ChecksumFileSystem.java:447)[0m
[0m[[0m[31merror[0m] [0m[0m	at org.apache.hadoop.fs.ChecksumFileSystem.create(ChecksumFileSystem.java:433)[0m
[0m[[0m[31merror[0m] [0m[0m	at org.apache.hadoop.fs.FileSystem.create(FileSystem.java:908)[0m
[0m[[0m[31merror[0m] [0m[0m	at org.apache.hadoop.fs.FileSystem.create(FileSystem.java:801)[0m
[0m[[0m[31merror[0m] [0m[0m	at org.apache.hadoop.hive.ql.io.HiveIgnoreKeyTextOutputFormat.getHiveRecordWriter(HiveIgnoreKeyTextOutputFormat.java:80)[0m
[0m[[0m[31merror[0m] [0m[0m	at org.apache.hadoop.hive.ql.io.HiveFileFormatUtils.getRecordWriter(HiveFileFormatUtils.java:261)[0m
[0m[[0m[31merror[0m] [0m[0m	at org.apache.hadoop.hive.ql.io.HiveFileFormatUtils.getHiveRecordWriter(HiveFileFormatUtils.java:246)[0m
[0m[[0m[31merror[0m] [0m[0m	at org.apache.spark.sql.hive.execution.HiveOutputWriter.<init>(HiveFileFormat.scala:123)[0m
[0m[[0m[31merror[0m] [0m[0m	at org.apache.spark.sql.hive.execution.HiveFileFormat$$anon$1.newInstance(HiveFileFormat.scala:103)[0m
[0m[[0m[31merror[0m] [0m[0m	at org.apache.spark.sql.execution.datasources.FileFormatWriter$DynamicPartitionWriteTask.org$apache$spark$sql$execution$datasources$FileFormatWriter$DynamicPartitionWriteTask$$newOutputWriter(FileFormatWriter.scala:511)[0m
[0m[[0m[31merror[0m] [0m[0m	at org.apache.spark.sql.execution.datasources.FileFormatWriter$DynamicPartitionWriteTask$$anonfun$execute$5.apply(FileFormatWriter.scala:546)[0m
[0m[[0m[31merror[0m] [0m[0m	at org.apache.spark.sql.execution.datasources.FileFormatWriter$DynamicPartitionWriteTask$$anonfun$execute$5.apply(FileFormatWriter.scala:527)[0m
[0m[[0m[31merror[0m] [0m[0m	at scala.collection.Iterator$class.foreach(Iterator.scala:891)[0m
[0m[[0m[31merror[0m] [0m[0m	at scala.collection.AbstractIterator.foreach(Iterator.scala:1334)[0m
[0m[[0m[31merror[0m] [0m[0m	at org.apache.spark.sql.execution.datasources.FileFormatWriter$DynamicPartitionWriteTask.execute(FileFormatWriter.scala:527)[0m
[0m[[0m[31merror[0m] [0m[0m	at org.apache.spark.sql.execution.datasources.FileFormatWriter$$anonfun$org$apache$spark$sql$execution$datasources$FileFormatWriter$$executeTask$3.apply(FileFormatWriter.scala:269)[0m
[0m[[0m[31merror[0m] [0m[0m	at org.apache.spark.sql.execution.datasources.FileFormatWriter$$anonfun$org$apache$spark$sql$execution$datasources$FileFormatWriter$$executeTask$3.apply(FileFormatWriter.scala:267)[0m
[0m[[0m[31merror[0m] [0m[0m	at org.apache.spark.util.Utils$.tryWithSafeFinallyAndFailureCallbacks(Utils.scala:1415)[0m
[0m[[0m[31merror[0m] [0m[0m	at org.apache.spark.sql.execution.datasources.FileFormatWriter$.org$apache$spark$sql$execution$datasources$FileFormatWriter$$executeTask(FileFormatWriter.scala:272)[0m
[0m[[0m[31merror[0m] [0m[0m	at org.apache.spark.sql.execution.datasources.FileFormatWriter$$anonfun$write$1.apply(FileFormatWriter.scala:197)[0m
[0m[[0m[31merror[0m] [0m[0m	at org.apache.spark.sql.execution.datasources.FileFormatWriter$$anonfun$write$1.apply(FileFormatWriter.scala:196)[0m
[0m[[0m[31merror[0m] [0m[0m	at org.apache.spark.scheduler.ResultTask.runTask(ResultTask.scala:87)[0m
[0m[[0m[31merror[0m] [0m[0m	at org.apache.spark.scheduler.Task.run(Task.scala:109)[0m
[0m[[0m[31merror[0m] [0m[0m	at org.apache.spark.executor.Executor$TaskRunner.run(Executor.scala:345)[0m
[0m[[0m[31merror[0m] [0m[0m	at java.util.concurrent.ThreadPoolExecutor.runWorker(Unknown Source)[0m
[0m[[0m[31merror[0m] [0m[0m	at java.util.concurrent.ThreadPoolExecutor$Worker.run(Unknown Source)[0m
[0m[[0m[31merror[0m] [0m[0m	at java.lang.Thread.run(Unknown Source)[0m
[0m[[0m[31merror[0m] [0m[0m(Compile / [31mrun[0m) org.apache.spark.SparkException: Job aborted.[0m
[0m[[0m[31merror[0m] [0m[0mTotal time: 47 s, completed Feb 2, 2022 7:54:47 AM[0m
[0m[[0m[0mdebug[0m] [0m[0m> Exec(shell, None, None)[0m
